

Terminaux non utilisés:

   INTERNALSPACE



Grammaire
règle 1    tout -> tout TEXTE
règle 2    tout -> tout hierogs
règle 3    tout -> tout signDecl
règle 4    tout ->		/* epsilon */
règle 5    signDecl -> SIGNDECL STRING STRING INTEGER ENDDECL
règle 6    hierogs -> DEBUTHIEROGS separateur quadras separateur FINHIEROGS
règle 7    hierogs -> DEBUTHIEROGS separateur FINHIEROGS
règle 8    quadras -> kerning quadra
règle 9    quadras -> quadras separateur kerning quadra
règle 10   separateur ->		/* epsilon */
règle 11   separateur -> SEPARATEUR
règle 12   quadra -> sousquadras optShading
règle 13   quadra -> ROMAIN
règle 14   quadra -> HAPLOGRAPHIE
règle 15   quadra -> GAUCHEDROITE
règle 16   quadra -> DROITEGAUCHE
règle 17   quadra -> LACUNE
règle 18   quadra -> LIGNELACUNE
règle 19   quadra -> TEXTESUPER
règle 20   sousquadras -> sousquadra
règle 21   sousquadras -> sousquadras ':' kerning sousquadra
règle 22   optShading -> SHADING
règle 23   optShading ->		/* epsilon */
règle 24   sousquadra -> sousquadra '*' kerning inhierliste
règle 25   sousquadra -> inhierliste
règle 26   inhierliste -> hieroglyphes
règle 27   inhierliste -> POINT
règle 28   inhierliste -> HACHUREG
règle 29   inhierliste -> HACHUREH
règle 30   inhierliste -> HACHUREV
règle 31   inhierliste -> HACHURET
règle 32   inhierliste -> DEBUTCONSTRUCTION quadras CARTF
règle 33   inhierliste -> RIGHTLEFT quadras LEFTRIGHT
règle 34   inhierliste -> construction_parenthesee
règle 35   inhierliste -> DIEZE0 quadras DIEZE1
règle 36   inhierliste -> COULEUR0 quadras COULEUR1
règle 37   inhierliste -> POINTPOINT
règle 38   inhierliste -> SMALLSPACE
règle 39   inhierliste -> '(' quadras ')'
règle 40   kerning ->		/* epsilon */
règle 41   kerning -> kerning KERNING
règle 42   hieroglyphes -> hieroglyphe
règle 43   hieroglyphes -> hieroglyphe OVERWRITE hieroglyphe
règle 44   signe -> HIEROGLYPHE
règle 45   signe -> LIGATURE
règle 46   signe -> POINTROUGE
règle 47   signe -> POINTNOIR
règle 48   hieroglyphe -> signe modificateurs hachure
règle 49   modificateurs ->		/* epsilon */
règle 50   modificateurs -> modificateur modificateurs
règle 51   modificateur -> SIZE
règle 52   modificateur -> ROTATION
règle 53   modificateur -> REVERT
règle 54   hachure ->		/* epsilon */
règle 55   hachure -> HACHUREGA
règle 56   hachure -> HACHUREHA
règle 57   hachure -> HACHUREVA
règle 58   hachure -> HACHURETA
règle 59   construction_parenthesee -> DSTSUPERFETATOIRE quadras FSTSUPERFETATOIRE
règle 60   construction_parenthesee -> DSTEFFACE quadras FSTEFFACE
règle 61   construction_parenthesee -> DSTDISPARU quadras FSTDISPARU
règle 62   construction_parenthesee -> DSTRAJOUTSCRIBE quadras FSTRAJOUTSCRIBE
règle 63   construction_parenthesee -> DSTRAJOUTAUTEUR quadras FSTRAJOUTAUTEUR

Terminaux, suivis des règles où ils apparaissent

$ (-1)
'(' (40) 39
')' (41) 39
'*' (42) 24
':' (58) 21
error (256)
SIGNDECL (257) 5
STRING (258) 5
INTEGER (259) 5
ENDDECL (260) 5
TEXTE (261) 1
DEBUTHIEROGS (262) 6 7
FINHIEROGS (263) 6 7
HIEROGLYPHE (264) 44
LIGATURE (265) 45
POINT (266) 27
POINTPOINT (267) 37
SMALLSPACE (268) 38
KERNING (269) 41
DEBUTCONSTRUCTION (270) 32
CARTF (271) 32
DIEZE0 (272) 35
DIEZE1 (273) 35
ROMAIN (274) 13
GAUCHEDROITE (275) 15
DROITEGAUCHE (276) 16
LEFTRIGHT (277) 33
RIGHTLEFT (278) 33
INTERNALSPACE (279)
HACHUREGA (280) 55
HACHUREVA (281) 57
HACHUREHA (282) 56
HACHURETA (283) 58
HACHUREG (284) 28
HACHUREV (285) 30
HACHUREH (286) 29
HACHURET (287) 31
SHADING (288) 22
OVERWRITE (289) 43
SIZE (290) 51
ROTATION (291) 52
REVERT (292) 53
TEXTESUPER (293) 19
POINTROUGE (294) 46
POINTNOIR (295) 47
COULEUR0 (296) 36
COULEUR1 (297) 36
HAPLOGRAPHIE (298) 14
LACUNE (299) 17
LIGNELACUNE (300) 18
DSTSUPERFETATOIRE (301) 59
FSTSUPERFETATOIRE (302) 59
DSTEFFACE (303) 60
FSTEFFACE (304) 60
DSTDISPARU (305) 61
FSTDISPARU (306) 61
DSTRAJOUTSCRIBE (307) 62
FSTRAJOUTSCRIBE (308) 62
DSTRAJOUTAUTEUR (309) 63
FSTRAJOUTAUTEUR (310) 63
SEPARATEUR (311) 11

Catégories, suivis des règles où elles apparaissent

tout (62)
    à gauche: 1 2 3 4, à droite: 1 2 3
signDecl (63)
    à gauche: 5, à droite: 3
hierogs (64)
    à gauche: 6 7, à droite: 2
quadras (65)
    à gauche: 8 9, à droite: 6 9 32 33 35 36 39 59 60 61 62 63
separateur (66)
    à gauche: 10 11, à droite: 6 7 9
quadra (67)
    à gauche: 12 13 14 15 16 17 18 19, à droite: 8 9
sousquadras (68)
    à gauche: 20 21, à droite: 12 21
optShading (69)
    à gauche: 22 23, à droite: 12
sousquadra (70)
    à gauche: 24 25, à droite: 20 21 24
inhierliste (71)
    à gauche: 26 27 28 29 30 31 32 33 34 35 36 37 38 39,
    à droite: 24 25
kerning (72)
    à gauche: 40 41, à droite: 8 9 21 24 41
hieroglyphes (73)
    à gauche: 42 43, à droite: 26
signe (74)
    à gauche: 44 45 46 47, à droite: 48
hieroglyphe (75)
    à gauche: 48, à droite: 42 43
modificateurs (76)
    à gauche: 49 50, à droite: 48 50
modificateur (77)
    à gauche: 51 52 53, à droite: 50
hachure (78)
    à gauche: 54 55 56 57 58, à droite: 48
construction_parenthesee (79)
    à gauche: 59 60 61 62 63, à droite: 34


état 0

    $défaut	réduction par la règle 4 (tout)

    tout	aller à l'état 1



état 1

    tout  ->  tout . TEXTE   (règle 1)
    tout  ->  tout . hierogs   (règle 2)
    tout  ->  tout . signDecl   (règle 3)

    $   	aller à l'état 99
    SIGNDECL	décalage et aller à l'état 2
    TEXTE	décalage et aller à l'état 3
    DEBUTHIEROGS	décalage et aller à l'état 4

    signDecl	aller à l'état 5
    hierogs	aller à l'état 6



état 2

    signDecl  ->  SIGNDECL . STRING STRING INTEGER ENDDECL   (règle 5)

    STRING	décalage et aller à l'état 7



état 3

    tout  ->  tout TEXTE .   (règle 1)

    $défaut	réduction par la règle 1 (tout)



état 4

    hierogs  ->  DEBUTHIEROGS . separateur quadras separateur FINHIEROGS   (règle 6)
    hierogs  ->  DEBUTHIEROGS . separateur FINHIEROGS   (règle 7)

    SEPARATEUR	décalage et aller à l'état 8

    $défaut	réduction par la règle 10 (separateur)

    separateur	aller à l'état 9



état 5

    tout  ->  tout signDecl .   (règle 3)

    $défaut	réduction par la règle 3 (tout)



état 6

    tout  ->  tout hierogs .   (règle 2)

    $défaut	réduction par la règle 2 (tout)



état 7

    signDecl  ->  SIGNDECL STRING . STRING INTEGER ENDDECL   (règle 5)

    STRING	décalage et aller à l'état 10



état 8

    separateur  ->  SEPARATEUR .   (règle 11)

    $défaut	réduction par la règle 11 (separateur)



état 9

    hierogs  ->  DEBUTHIEROGS separateur . quadras separateur FINHIEROGS   (règle 6)
    hierogs  ->  DEBUTHIEROGS separateur . FINHIEROGS   (règle 7)

    FINHIEROGS	décalage et aller à l'état 11

    $défaut	réduction par la règle 40 (kerning)

    quadras	aller à l'état 12
    kerning	aller à l'état 13



état 10

    signDecl  ->  SIGNDECL STRING STRING . INTEGER ENDDECL   (règle 5)

    INTEGER	décalage et aller à l'état 14



état 11

    hierogs  ->  DEBUTHIEROGS separateur FINHIEROGS .   (règle 7)

    $défaut	réduction par la règle 7 (hierogs)



état 12

    hierogs  ->  DEBUTHIEROGS separateur quadras . separateur FINHIEROGS   (règle 6)
    quadras  ->  quadras . separateur kerning quadra   (règle 9)

    SEPARATEUR	décalage et aller à l'état 8

    $défaut	réduction par la règle 10 (separateur)

    separateur	aller à l'état 15



état 13

    quadras  ->  kerning . quadra   (règle 8)
    kerning  ->  kerning . KERNING   (règle 41)

    HIEROGLYPHE	décalage et aller à l'état 16
    LIGATURE	décalage et aller à l'état 17
    POINT	décalage et aller à l'état 18
    POINTPOINT	décalage et aller à l'état 19
    SMALLSPACE	décalage et aller à l'état 20
    KERNING	décalage et aller à l'état 21
    DEBUTCONSTRUCTION	décalage et aller à l'état 22
    DIEZE0	décalage et aller à l'état 23
    ROMAIN	décalage et aller à l'état 24
    GAUCHEDROITE	décalage et aller à l'état 25
    DROITEGAUCHE	décalage et aller à l'état 26
    RIGHTLEFT	décalage et aller à l'état 27
    HACHUREG	décalage et aller à l'état 28
    HACHUREV	décalage et aller à l'état 29
    HACHUREH	décalage et aller à l'état 30
    HACHURET	décalage et aller à l'état 31
    TEXTESUPER	décalage et aller à l'état 32
    POINTROUGE	décalage et aller à l'état 33
    POINTNOIR	décalage et aller à l'état 34
    COULEUR0	décalage et aller à l'état 35
    HAPLOGRAPHIE	décalage et aller à l'état 36
    LACUNE	décalage et aller à l'état 37
    LIGNELACUNE	décalage et aller à l'état 38
    DSTSUPERFETATOIRE	décalage et aller à l'état 39
    DSTEFFACE	décalage et aller à l'état 40
    DSTDISPARU	décalage et aller à l'état 41
    DSTRAJOUTSCRIBE	décalage et aller à l'état 42
    DSTRAJOUTAUTEUR	décalage et aller à l'état 43
    '(' 	décalage et aller à l'état 44

    quadra	aller à l'état 45
    sousquadras	aller à l'état 46
    sousquadra	aller à l'état 47
    inhierliste	aller à l'état 48
    hieroglyphes	aller à l'état 49
    signe	aller à l'état 50
    hieroglyphe	aller à l'état 51
    construction_parenthesee	aller à l'état 52



état 14

    signDecl  ->  SIGNDECL STRING STRING INTEGER . ENDDECL   (règle 5)

    ENDDECL	décalage et aller à l'état 53



état 15

    hierogs  ->  DEBUTHIEROGS separateur quadras separateur . FINHIEROGS   (règle 6)
    quadras  ->  quadras separateur . kerning quadra   (règle 9)

    FINHIEROGS	décalage et aller à l'état 54

    $défaut	réduction par la règle 40 (kerning)

    kerning	aller à l'état 55



état 16

    signe  ->  HIEROGLYPHE .   (règle 44)

    $défaut	réduction par la règle 44 (signe)



état 17

    signe  ->  LIGATURE .   (règle 45)

    $défaut	réduction par la règle 45 (signe)



état 18

    inhierliste  ->  POINT .   (règle 27)

    $défaut	réduction par la règle 27 (inhierliste)



état 19

    inhierliste  ->  POINTPOINT .   (règle 37)

    $défaut	réduction par la règle 37 (inhierliste)



état 20

    inhierliste  ->  SMALLSPACE .   (règle 38)

    $défaut	réduction par la règle 38 (inhierliste)



état 21

    kerning  ->  kerning KERNING .   (règle 41)

    $défaut	réduction par la règle 41 (kerning)



état 22

    inhierliste  ->  DEBUTCONSTRUCTION . quadras CARTF   (règle 32)

    $défaut	réduction par la règle 40 (kerning)

    quadras	aller à l'état 56
    kerning	aller à l'état 13



état 23

    inhierliste  ->  DIEZE0 . quadras DIEZE1   (règle 35)

    $défaut	réduction par la règle 40 (kerning)

    quadras	aller à l'état 57
    kerning	aller à l'état 13



état 24

    quadra  ->  ROMAIN .   (règle 13)

    $défaut	réduction par la règle 13 (quadra)



état 25

    quadra  ->  GAUCHEDROITE .   (règle 15)

    $défaut	réduction par la règle 15 (quadra)



état 26

    quadra  ->  DROITEGAUCHE .   (règle 16)

    $défaut	réduction par la règle 16 (quadra)



état 27

    inhierliste  ->  RIGHTLEFT . quadras LEFTRIGHT   (règle 33)

    $défaut	réduction par la règle 40 (kerning)

    quadras	aller à l'état 58
    kerning	aller à l'état 13



état 28

    inhierliste  ->  HACHUREG .   (règle 28)

    $défaut	réduction par la règle 28 (inhierliste)



état 29

    inhierliste  ->  HACHUREV .   (règle 30)

    $défaut	réduction par la règle 30 (inhierliste)



état 30

    inhierliste  ->  HACHUREH .   (règle 29)

    $défaut	réduction par la règle 29 (inhierliste)



état 31

    inhierliste  ->  HACHURET .   (règle 31)

    $défaut	réduction par la règle 31 (inhierliste)



état 32

    quadra  ->  TEXTESUPER .   (règle 19)

    $défaut	réduction par la règle 19 (quadra)



état 33

    signe  ->  POINTROUGE .   (règle 46)

    $défaut	réduction par la règle 46 (signe)



état 34

    signe  ->  POINTNOIR .   (règle 47)

    $défaut	réduction par la règle 47 (signe)



état 35

    inhierliste  ->  COULEUR0 . quadras COULEUR1   (règle 36)

    $défaut	réduction par la règle 40 (kerning)

    quadras	aller à l'état 59
    kerning	aller à l'état 13



état 36

    quadra  ->  HAPLOGRAPHIE .   (règle 14)

    $défaut	réduction par la règle 14 (quadra)



état 37

    quadra  ->  LACUNE .   (règle 17)

    $défaut	réduction par la règle 17 (quadra)



état 38

    quadra  ->  LIGNELACUNE .   (règle 18)

    $défaut	réduction par la règle 18 (quadra)



état 39

    construction_parenthesee  ->  DSTSUPERFETATOIRE . quadras FSTSUPERFETATOIRE   (règle 59)

    $défaut	réduction par la règle 40 (kerning)

    quadras	aller à l'état 60
    kerning	aller à l'état 13



état 40

    construction_parenthesee  ->  DSTEFFACE . quadras FSTEFFACE   (règle 60)

    $défaut	réduction par la règle 40 (kerning)

    quadras	aller à l'état 61
    kerning	aller à l'état 13



état 41

    construction_parenthesee  ->  DSTDISPARU . quadras FSTDISPARU   (règle 61)

    $défaut	réduction par la règle 40 (kerning)

    quadras	aller à l'état 62
    kerning	aller à l'état 13



état 42

    construction_parenthesee  ->  DSTRAJOUTSCRIBE . quadras FSTRAJOUTSCRIBE   (règle 62)

    $défaut	réduction par la règle 40 (kerning)

    quadras	aller à l'état 63
    kerning	aller à l'état 13



état 43

    construction_parenthesee  ->  DSTRAJOUTAUTEUR . quadras FSTRAJOUTAUTEUR   (règle 63)

    $défaut	réduction par la règle 40 (kerning)

    quadras	aller à l'état 64
    kerning	aller à l'état 13



état 44

    inhierliste  ->  '(' . quadras ')'   (règle 39)

    $défaut	réduction par la règle 40 (kerning)

    quadras	aller à l'état 65
    kerning	aller à l'état 13



état 45

    quadras  ->  kerning quadra .   (règle 8)

    $défaut	réduction par la règle 8 (quadras)



état 46

    quadra  ->  sousquadras . optShading   (règle 12)
    sousquadras  ->  sousquadras . ':' kerning sousquadra   (règle 21)

    SHADING	décalage et aller à l'état 66
    ':' 	décalage et aller à l'état 67

    $défaut	réduction par la règle 23 (optShading)

    optShading	aller à l'état 68



état 47

    sousquadras  ->  sousquadra .   (règle 20)
    sousquadra  ->  sousquadra . '*' kerning inhierliste   (règle 24)

    '*' 	décalage et aller à l'état 69

    $défaut	réduction par la règle 20 (sousquadras)



état 48

    sousquadra  ->  inhierliste .   (règle 25)

    $défaut	réduction par la règle 25 (sousquadra)



état 49

    inhierliste  ->  hieroglyphes .   (règle 26)

    $défaut	réduction par la règle 26 (inhierliste)



état 50

    hieroglyphe  ->  signe . modificateurs hachure   (règle 48)

    SIZE	décalage et aller à l'état 70
    ROTATION	décalage et aller à l'état 71
    REVERT	décalage et aller à l'état 72

    $défaut	réduction par la règle 49 (modificateurs)

    modificateurs	aller à l'état 73
    modificateur	aller à l'état 74



état 51

    hieroglyphes  ->  hieroglyphe .   (règle 42)
    hieroglyphes  ->  hieroglyphe . OVERWRITE hieroglyphe   (règle 43)

    OVERWRITE	décalage et aller à l'état 75

    $défaut	réduction par la règle 42 (hieroglyphes)



état 52

    inhierliste  ->  construction_parenthesee .   (règle 34)

    $défaut	réduction par la règle 34 (inhierliste)



état 53

    signDecl  ->  SIGNDECL STRING STRING INTEGER ENDDECL .   (règle 5)

    $défaut	réduction par la règle 5 (signDecl)



état 54

    hierogs  ->  DEBUTHIEROGS separateur quadras separateur FINHIEROGS .   (règle 6)

    $défaut	réduction par la règle 6 (hierogs)



état 55

    quadras  ->  quadras separateur kerning . quadra   (règle 9)
    kerning  ->  kerning . KERNING   (règle 41)

    HIEROGLYPHE	décalage et aller à l'état 16
    LIGATURE	décalage et aller à l'état 17
    POINT	décalage et aller à l'état 18
    POINTPOINT	décalage et aller à l'état 19
    SMALLSPACE	décalage et aller à l'état 20
    KERNING	décalage et aller à l'état 21
    DEBUTCONSTRUCTION	décalage et aller à l'état 22
    DIEZE0	décalage et aller à l'état 23
    ROMAIN	décalage et aller à l'état 24
    GAUCHEDROITE	décalage et aller à l'état 25
    DROITEGAUCHE	décalage et aller à l'état 26
    RIGHTLEFT	décalage et aller à l'état 27
    HACHUREG	décalage et aller à l'état 28
    HACHUREV	décalage et aller à l'état 29
    HACHUREH	décalage et aller à l'état 30
    HACHURET	décalage et aller à l'état 31
    TEXTESUPER	décalage et aller à l'état 32
    POINTROUGE	décalage et aller à l'état 33
    POINTNOIR	décalage et aller à l'état 34
    COULEUR0	décalage et aller à l'état 35
    HAPLOGRAPHIE	décalage et aller à l'état 36
    LACUNE	décalage et aller à l'état 37
    LIGNELACUNE	décalage et aller à l'état 38
    DSTSUPERFETATOIRE	décalage et aller à l'état 39
    DSTEFFACE	décalage et aller à l'état 40
    DSTDISPARU	décalage et aller à l'état 41
    DSTRAJOUTSCRIBE	décalage et aller à l'état 42
    DSTRAJOUTAUTEUR	décalage et aller à l'état 43
    '(' 	décalage et aller à l'état 44

    quadra	aller à l'état 76
    sousquadras	aller à l'état 46
    sousquadra	aller à l'état 47
    inhierliste	aller à l'état 48
    hieroglyphes	aller à l'état 49
    signe	aller à l'état 50
    hieroglyphe	aller à l'état 51
    construction_parenthesee	aller à l'état 52



état 56

    quadras  ->  quadras . separateur kerning quadra   (règle 9)
    inhierliste  ->  DEBUTCONSTRUCTION quadras . CARTF   (règle 32)

    CARTF	décalage et aller à l'état 77
    SEPARATEUR	décalage et aller à l'état 8

    $défaut	réduction par la règle 10 (separateur)

    separateur	aller à l'état 78



état 57

    quadras  ->  quadras . separateur kerning quadra   (règle 9)
    inhierliste  ->  DIEZE0 quadras . DIEZE1   (règle 35)

    DIEZE1	décalage et aller à l'état 79
    SEPARATEUR	décalage et aller à l'état 8

    $défaut	réduction par la règle 10 (separateur)

    separateur	aller à l'état 78



état 58

    quadras  ->  quadras . separateur kerning quadra   (règle 9)
    inhierliste  ->  RIGHTLEFT quadras . LEFTRIGHT   (règle 33)

    LEFTRIGHT	décalage et aller à l'état 80
    SEPARATEUR	décalage et aller à l'état 8

    $défaut	réduction par la règle 10 (separateur)

    separateur	aller à l'état 78



état 59

    quadras  ->  quadras . separateur kerning quadra   (règle 9)
    inhierliste  ->  COULEUR0 quadras . COULEUR1   (règle 36)

    COULEUR1	décalage et aller à l'état 81
    SEPARATEUR	décalage et aller à l'état 8

    $défaut	réduction par la règle 10 (separateur)

    separateur	aller à l'état 78



état 60

    quadras  ->  quadras . separateur kerning quadra   (règle 9)
    construction_parenthesee  ->  DSTSUPERFETATOIRE quadras . FSTSUPERFETATOIRE   (règle 59)

    FSTSUPERFETATOIRE	décalage et aller à l'état 82
    SEPARATEUR	décalage et aller à l'état 8

    $défaut	réduction par la règle 10 (separateur)

    separateur	aller à l'état 78



état 61

    quadras  ->  quadras . separateur kerning quadra   (règle 9)
    construction_parenthesee  ->  DSTEFFACE quadras . FSTEFFACE   (règle 60)

    FSTEFFACE	décalage et aller à l'état 83
    SEPARATEUR	décalage et aller à l'état 8

    $défaut	réduction par la règle 10 (separateur)

    separateur	aller à l'état 78



état 62

    quadras  ->  quadras . separateur kerning quadra   (règle 9)
    construction_parenthesee  ->  DSTDISPARU quadras . FSTDISPARU   (règle 61)

    FSTDISPARU	décalage et aller à l'état 84
    SEPARATEUR	décalage et aller à l'état 8

    $défaut	réduction par la règle 10 (separateur)

    separateur	aller à l'état 78



état 63

    quadras  ->  quadras . separateur kerning quadra   (règle 9)
    construction_parenthesee  ->  DSTRAJOUTSCRIBE quadras . FSTRAJOUTSCRIBE   (règle 62)

    FSTRAJOUTSCRIBE	décalage et aller à l'état 85
    SEPARATEUR	décalage et aller à l'état 8

    $défaut	réduction par la règle 10 (separateur)

    separateur	aller à l'état 78



état 64

    quadras  ->  quadras . separateur kerning quadra   (règle 9)
    construction_parenthesee  ->  DSTRAJOUTAUTEUR quadras . FSTRAJOUTAUTEUR   (règle 63)

    FSTRAJOUTAUTEUR	décalage et aller à l'état 86
    SEPARATEUR	décalage et aller à l'état 8

    $défaut	réduction par la règle 10 (separateur)

    separateur	aller à l'état 78



état 65

    quadras  ->  quadras . separateur kerning quadra   (règle 9)
    inhierliste  ->  '(' quadras . ')'   (règle 39)

    SEPARATEUR	décalage et aller à l'état 8
    ')' 	décalage et aller à l'état 87

    $défaut	réduction par la règle 10 (separateur)

    separateur	aller à l'état 78



état 66

    optShading  ->  SHADING .   (règle 22)

    $défaut	réduction par la règle 22 (optShading)



état 67

    sousquadras  ->  sousquadras ':' . kerning sousquadra   (règle 21)

    $défaut	réduction par la règle 40 (kerning)

    kerning	aller à l'état 88



état 68

    quadra  ->  sousquadras optShading .   (règle 12)

    $défaut	réduction par la règle 12 (quadra)



état 69

    sousquadra  ->  sousquadra '*' . kerning inhierliste   (règle 24)

    $défaut	réduction par la règle 40 (kerning)

    kerning	aller à l'état 89



état 70

    modificateur  ->  SIZE .   (règle 51)

    $défaut	réduction par la règle 51 (modificateur)



état 71

    modificateur  ->  ROTATION .   (règle 52)

    $défaut	réduction par la règle 52 (modificateur)



état 72

    modificateur  ->  REVERT .   (règle 53)

    $défaut	réduction par la règle 53 (modificateur)



état 73

    hieroglyphe  ->  signe modificateurs . hachure   (règle 48)

    HACHUREGA	décalage et aller à l'état 90
    HACHUREVA	décalage et aller à l'état 91
    HACHUREHA	décalage et aller à l'état 92
    HACHURETA	décalage et aller à l'état 93

    $défaut	réduction par la règle 54 (hachure)

    hachure	aller à l'état 94



état 74

    modificateurs  ->  modificateur . modificateurs   (règle 50)

    SIZE	décalage et aller à l'état 70
    ROTATION	décalage et aller à l'état 71
    REVERT	décalage et aller à l'état 72

    $défaut	réduction par la règle 49 (modificateurs)

    modificateurs	aller à l'état 95
    modificateur	aller à l'état 74



état 75

    hieroglyphes  ->  hieroglyphe OVERWRITE . hieroglyphe   (règle 43)

    HIEROGLYPHE	décalage et aller à l'état 16
    LIGATURE	décalage et aller à l'état 17
    POINTROUGE	décalage et aller à l'état 33
    POINTNOIR	décalage et aller à l'état 34

    signe	aller à l'état 50
    hieroglyphe	aller à l'état 96



état 76

    quadras  ->  quadras separateur kerning quadra .   (règle 9)

    $défaut	réduction par la règle 9 (quadras)



état 77

    inhierliste  ->  DEBUTCONSTRUCTION quadras CARTF .   (règle 32)

    $défaut	réduction par la règle 32 (inhierliste)



état 78

    quadras  ->  quadras separateur . kerning quadra   (règle 9)

    $défaut	réduction par la règle 40 (kerning)

    kerning	aller à l'état 55



état 79

    inhierliste  ->  DIEZE0 quadras DIEZE1 .   (règle 35)

    $défaut	réduction par la règle 35 (inhierliste)



état 80

    inhierliste  ->  RIGHTLEFT quadras LEFTRIGHT .   (règle 33)

    $défaut	réduction par la règle 33 (inhierliste)



état 81

    inhierliste  ->  COULEUR0 quadras COULEUR1 .   (règle 36)

    $défaut	réduction par la règle 36 (inhierliste)



état 82

    construction_parenthesee  ->  DSTSUPERFETATOIRE quadras FSTSUPERFETATOIRE .   (règle 59)

    $défaut	réduction par la règle 59 (construction_parenthesee)



état 83

    construction_parenthesee  ->  DSTEFFACE quadras FSTEFFACE .   (règle 60)

    $défaut	réduction par la règle 60 (construction_parenthesee)



état 84

    construction_parenthesee  ->  DSTDISPARU quadras FSTDISPARU .   (règle 61)

    $défaut	réduction par la règle 61 (construction_parenthesee)



état 85

    construction_parenthesee  ->  DSTRAJOUTSCRIBE quadras FSTRAJOUTSCRIBE .   (règle 62)

    $défaut	réduction par la règle 62 (construction_parenthesee)



état 86

    construction_parenthesee  ->  DSTRAJOUTAUTEUR quadras FSTRAJOUTAUTEUR .   (règle 63)

    $défaut	réduction par la règle 63 (construction_parenthesee)



état 87

    inhierliste  ->  '(' quadras ')' .   (règle 39)

    $défaut	réduction par la règle 39 (inhierliste)



état 88

    sousquadras  ->  sousquadras ':' kerning . sousquadra   (règle 21)
    kerning  ->  kerning . KERNING   (règle 41)

    HIEROGLYPHE	décalage et aller à l'état 16
    LIGATURE	décalage et aller à l'état 17
    POINT	décalage et aller à l'état 18
    POINTPOINT	décalage et aller à l'état 19
    SMALLSPACE	décalage et aller à l'état 20
    KERNING	décalage et aller à l'état 21
    DEBUTCONSTRUCTION	décalage et aller à l'état 22
    DIEZE0	décalage et aller à l'état 23
    RIGHTLEFT	décalage et aller à l'état 27
    HACHUREG	décalage et aller à l'état 28
    HACHUREV	décalage et aller à l'état 29
    HACHUREH	décalage et aller à l'état 30
    HACHURET	décalage et aller à l'état 31
    POINTROUGE	décalage et aller à l'état 33
    POINTNOIR	décalage et aller à l'état 34
    COULEUR0	décalage et aller à l'état 35
    DSTSUPERFETATOIRE	décalage et aller à l'état 39
    DSTEFFACE	décalage et aller à l'état 40
    DSTDISPARU	décalage et aller à l'état 41
    DSTRAJOUTSCRIBE	décalage et aller à l'état 42
    DSTRAJOUTAUTEUR	décalage et aller à l'état 43
    '(' 	décalage et aller à l'état 44

    sousquadra	aller à l'état 97
    inhierliste	aller à l'état 48
    hieroglyphes	aller à l'état 49
    signe	aller à l'état 50
    hieroglyphe	aller à l'état 51
    construction_parenthesee	aller à l'état 52



état 89

    sousquadra  ->  sousquadra '*' kerning . inhierliste   (règle 24)
    kerning  ->  kerning . KERNING   (règle 41)

    HIEROGLYPHE	décalage et aller à l'état 16
    LIGATURE	décalage et aller à l'état 17
    POINT	décalage et aller à l'état 18
    POINTPOINT	décalage et aller à l'état 19
    SMALLSPACE	décalage et aller à l'état 20
    KERNING	décalage et aller à l'état 21
    DEBUTCONSTRUCTION	décalage et aller à l'état 22
    DIEZE0	décalage et aller à l'état 23
    RIGHTLEFT	décalage et aller à l'état 27
    HACHUREG	décalage et aller à l'état 28
    HACHUREV	décalage et aller à l'état 29
    HACHUREH	décalage et aller à l'état 30
    HACHURET	décalage et aller à l'état 31
    POINTROUGE	décalage et aller à l'état 33
    POINTNOIR	décalage et aller à l'état 34
    COULEUR0	décalage et aller à l'état 35
    DSTSUPERFETATOIRE	décalage et aller à l'état 39
    DSTEFFACE	décalage et aller à l'état 40
    DSTDISPARU	décalage et aller à l'état 41
    DSTRAJOUTSCRIBE	décalage et aller à l'état 42
    DSTRAJOUTAUTEUR	décalage et aller à l'état 43
    '(' 	décalage et aller à l'état 44

    inhierliste	aller à l'état 98
    hieroglyphes	aller à l'état 49
    signe	aller à l'état 50
    hieroglyphe	aller à l'état 51
    construction_parenthesee	aller à l'état 52



état 90

    hachure  ->  HACHUREGA .   (règle 55)

    $défaut	réduction par la règle 55 (hachure)



état 91

    hachure  ->  HACHUREVA .   (règle 57)

    $défaut	réduction par la règle 57 (hachure)



état 92

    hachure  ->  HACHUREHA .   (règle 56)

    $défaut	réduction par la règle 56 (hachure)



état 93

    hachure  ->  HACHURETA .   (règle 58)

    $défaut	réduction par la règle 58 (hachure)



état 94

    hieroglyphe  ->  signe modificateurs hachure .   (règle 48)

    $défaut	réduction par la règle 48 (hieroglyphe)



état 95

    modificateurs  ->  modificateur modificateurs .   (règle 50)

    $défaut	réduction par la règle 50 (modificateurs)



état 96

    hieroglyphes  ->  hieroglyphe OVERWRITE hieroglyphe .   (règle 43)

    $défaut	réduction par la règle 43 (hieroglyphes)



état 97

    sousquadras  ->  sousquadras ':' kerning sousquadra .   (règle 21)
    sousquadra  ->  sousquadra . '*' kerning inhierliste   (règle 24)

    '*' 	décalage et aller à l'état 69

    $défaut	réduction par la règle 21 (sousquadras)



état 98

    sousquadra  ->  sousquadra '*' kerning inhierliste .   (règle 24)

    $défaut	réduction par la règle 24 (sousquadra)



état 99

    $   	aller à l'état 100



état 100

    $défaut	accepter
